<?xml version="1.0" encoding="UTF-8"?>
<testsuite xmlns:xsi="http://www.w3.org/2001/XMLSchema-instance" xsi:noNamespaceSchemaLocation="https://maven.apache.org/surefire/maven-surefire-plugin/xsd/surefire-test-report.xsd" name="ua.lviv.iot.tableware.DisponsableTableWareManagerTest" time="0.056" tests="1" errors="0" skipped="0" failures="1">
  <properties>
[...]
</properties>
  <testcase name="testFindExerciseByDurationInMinutes" classname="ua.lviv.iot.tableware.DisponsableTableWareManagerTest" time="0.042">
    <failure message="expected: &lt;2&gt; but was: &lt;0&gt;" type="org.opentest4j.AssertionFailedError"><![CDATA[org.opentest4j.AssertionFailedError: expected: <2> but was: <0>
	at ua.lviv.iot.tableware.DisponsableTableWareManagerTest.testFindExerciseByDurationInMinutes(DisponsableTableWareManagerTest.java:21)
]]></failure>
  </testcase>
</testsuite>