-------------------------------------------------------------------------------
Test set: ua.lviv.iot.tableware.DisponsableTableWareManagerTest
-------------------------------------------------------------------------------
Tests run: 1, Failures: 1, Errors: 0, Skipped: 0, Time elapsed: 0.056 s <<< FAILURE! - in ua.lviv.iot.tableware.DisponsableTableWareManagerTest
testFindExerciseByDurationInMinutes  Time elapsed: 0.042 s  <<< FAILURE!
org.opentest4j.AssertionFailedError: expected: <2> but was: <0>
	at ua.lviv.iot.tableware.DisponsableTableWareManagerTest.testFindExerciseByDurationInMinutes(DisponsableTableWareManagerTest.java:21)

